<?xml version="1.0" encoding="UTF-8"?>
<testsuite name="com.spring.restapi.restapi.RestapiApplicationTests" tests="1" skipped="0" failures="0" errors="0" timestamp="2022-12-12T07:05:38" hostname="INPNQLT322" time="0.05">
  <properties/>
  <testcase name="contextLoads()" classname="com.spring.restapi.restapi.RestapiApplicationTests" time="0.05"/>
  <system-out><![CDATA[12:35:35.385 [Test worker] DEBUG org.springframework.test.context.BootstrapUtils - Instantiating CacheAwareContextLoaderDelegate from class [org.springframework.test.context.cache.DefaultCacheAwareContextLoaderDelegate]
12:35:35.392 [Test worker] DEBUG org.springframework.test.context.BootstrapUtils - Instantiating BootstrapContext using constructor [public org.springframework.test.context.support.DefaultBootstrapContext(java.lang.Class,org.springframework.test.context.CacheAwareContextLoaderDelegate)]
12:35:35.421 [Test worker] DEBUG org.springframework.test.context.BootstrapUtils - Instantiating TestContextBootstrapper for test class [com.spring.restapi.restapi.RestapiApplicationTests] from class [org.springframework.boot.test.context.SpringBootTestContextBootstrapper]
12:35:35.430 [Test worker] INFO org.springframework.boot.test.context.SpringBootTestContextBootstrapper - Neither @ContextConfiguration nor @ContextHierarchy found for test class [com.spring.restapi.restapi.RestapiApplicationTests], using SpringBootContextLoader
12:35:35.432 [Test worker] DEBUG org.springframework.test.context.support.AbstractContextLoader - Did not detect default resource location for test class [com.spring.restapi.restapi.RestapiApplicationTests]: class path resource [com/spring/restapi/restapi/RestapiApplicationTests-context.xml] does not exist
12:35:35.433 [Test worker] DEBUG org.springframework.test.context.support.AbstractContextLoader - Did not detect default resource location for test class [com.spring.restapi.restapi.RestapiApplicationTests]: class path resource [com/spring/restapi/restapi/RestapiApplicationTestsContext.groovy] does not exist
12:35:35.433 [Test worker] INFO org.springframework.test.context.support.AbstractContextLoader - Could not detect default resource locations for test class [com.spring.restapi.restapi.RestapiApplicationTests]: no resource found for suffixes {-context.xml, Context.groovy}.
12:35:35.433 [Test worker] INFO org.springframework.test.context.support.AnnotationConfigContextLoaderUtils - Could not detect default configuration classes for test class [com.spring.restapi.restapi.RestapiApplicationTests]: RestapiApplicationTests does not declare any static, non-private, non-final, nested classes annotated with @Configuration.
12:35:35.461 [Test worker] DEBUG org.springframework.test.context.support.ActiveProfilesUtils - Could not find an 'annotation declaring class' for annotation type [org.springframework.test.context.ActiveProfiles] and class [com.spring.restapi.restapi.RestapiApplicationTests]
12:35:35.498 [Test worker] DEBUG org.springframework.context.annotation.ClassPathScanningCandidateComponentProvider - Identified candidate component class: file [/home/nikita/Documents/scheduler/restapipractice/build/classes/java/main/com/spring/restapi/restapi/RestapiApplication.class]
12:35:35.499 [Test worker] INFO org.springframework.boot.test.context.SpringBootTestContextBootstrapper - Found @SpringBootConfiguration com.spring.restapi.restapi.RestapiApplication for test class com.spring.restapi.restapi.RestapiApplicationTests
12:35:35.559 [Test worker] DEBUG org.springframework.boot.test.context.SpringBootTestContextBootstrapper - @TestExecutionListeners is not present for class [com.spring.restapi.restapi.RestapiApplicationTests]: using defaults.
12:35:35.559 [Test worker] INFO org.springframework.boot.test.context.SpringBootTestContextBootstrapper - Loaded default TestExecutionListener class names from location [META-INF/spring.factories]: [org.springframework.boot.test.autoconfigure.restdocs.RestDocsTestExecutionListener, org.springframework.boot.test.autoconfigure.web.client.MockRestServiceServerResetTestExecutionListener, org.springframework.boot.test.autoconfigure.web.servlet.MockMvcPrintOnlyOnFailureTestExecutionListener, org.springframework.boot.test.autoconfigure.web.servlet.WebDriverTestExecutionListener, org.springframework.boot.test.autoconfigure.webservices.client.MockWebServiceServerTestExecutionListener, org.springframework.boot.test.mock.mockito.MockitoTestExecutionListener, org.springframework.boot.test.mock.mockito.ResetMocksTestExecutionListener, org.springframework.test.context.web.ServletTestExecutionListener, org.springframework.test.context.support.DirtiesContextBeforeModesTestExecutionListener, org.springframework.test.context.event.ApplicationEventsTestExecutionListener, org.springframework.test.context.support.DependencyInjectionTestExecutionListener, org.springframework.test.context.support.DirtiesContextTestExecutionListener, org.springframework.test.context.transaction.TransactionalTestExecutionListener, org.springframework.test.context.jdbc.SqlScriptsTestExecutionListener, org.springframework.test.context.event.EventPublishingTestExecutionListener]
12:35:35.569 [Test worker] INFO org.springframework.boot.test.context.SpringBootTestContextBootstrapper - Using TestExecutionListeners: [org.springframework.test.context.web.ServletTestExecutionListener@524f3b3a, org.springframework.test.context.support.DirtiesContextBeforeModesTestExecutionListener@41e68d87, org.springframework.test.context.event.ApplicationEventsTestExecutionListener@49ff7d8c, org.springframework.boot.test.mock.mockito.MockitoTestExecutionListener@29526c05, org.springframework.boot.test.autoconfigure.SpringBootDependencyInjectionTestExecutionListener@2ef14fe, org.springframework.test.context.support.DirtiesContextTestExecutionListener@77102b91, org.springframework.test.context.transaction.TransactionalTestExecutionListener@45312be2, org.springframework.test.context.jdbc.SqlScriptsTestExecutionListener@7fb95505, org.springframework.test.context.event.EventPublishingTestExecutionListener@58be6e8, org.springframework.boot.test.autoconfigure.restdocs.RestDocsTestExecutionListener@7331196b, org.springframework.boot.test.autoconfigure.web.client.MockRestServiceServerResetTestExecutionListener@3f9342d4, org.springframework.boot.test.autoconfigure.web.servlet.MockMvcPrintOnlyOnFailureTestExecutionListener@ab7395e, org.springframework.boot.test.autoconfigure.web.servlet.WebDriverTestExecutionListener@50d13246, org.springframework.boot.test.autoconfigure.webservices.client.MockWebServiceServerTestExecutionListener@2bd08376, org.springframework.boot.test.mock.mockito.ResetMocksTestExecutionListener@e70f13a]
12:35:35.571 [Test worker] DEBUG org.springframework.test.context.support.AbstractDirtiesContextTestExecutionListener - Before test class: context [DefaultTestContext@6bffbc6d testClass = RestapiApplicationTests, testInstance = [null], testMethod = [null], testException = [null], mergedContextConfiguration = [WebMergedContextConfiguration@1b84f475 testClass = RestapiApplicationTests, locations = '{}', classes = '{class com.spring.restapi.restapi.RestapiApplication}', contextInitializerClasses = '[]', activeProfiles = '{}', propertySourceLocations = '{}', propertySourceProperties = '{org.springframework.boot.test.context.SpringBootTestContextBootstrapper=true}', contextCustomizers = set[org.springframework.boot.test.autoconfigure.actuate.metrics.MetricsExportContextCustomizerFactory$DisableMetricExportContextCustomizer@48bb62, org.springframework.boot.test.autoconfigure.properties.PropertyMappingContextCustomizer@0, org.springframework.boot.test.autoconfigure.web.servlet.WebDriverContextCustomizerFactory$Customizer@4d1c005e, org.springframework.boot.test.context.filter.ExcludeFilterContextCustomizer@496bc455, org.springframework.boot.test.json.DuplicateJsonObjectContextCustomizerFactory$DuplicateJsonObjectContextCustomizer@247310d0, org.springframework.boot.test.mock.mockito.MockitoContextCustomizer@0, org.springframework.boot.test.web.client.TestRestTemplateContextCustomizer@723ca036, org.springframework.boot.test.context.SpringBootTestArgs@1, org.springframework.boot.test.context.SpringBootTestWebEnvironment@163e4e87], resourceBasePath = 'src/main/webapp', contextLoader = 'org.springframework.boot.test.context.SpringBootContextLoader', parent = [null]], attributes = map['org.springframework.test.context.web.ServletTestExecutionListener.activateListener' -> true]], class annotated with @DirtiesContext [false] with mode [null].

  .   ____          _            __ _ _
 /\\ / ___'_ __ _ _(_)_ __  __ _ \ \ \ \
( ( )\___ | '_ | '_| | '_ \/ _` | \ \ \ \
 \\/  ___)| |_)| | | | | || (_| |  ) ) ) )
  '  |____| .__|_| |_|_| |_\__, | / / / /
 =========|_|==============|___/=/_/_/_/
 :: Spring Boot ::                (v2.7.6)

2022-12-12 12:35:35.773  INFO 247466 --- [    Test worker] c.s.r.restapi.RestapiApplicationTests    : Starting RestapiApplicationTests using Java 1.8.0_352 on INPNQLT322 with PID 247466 (started by nikita in /home/nikita/Documents/scheduler/restapipractice)
2022-12-12 12:35:35.774  INFO 247466 --- [    Test worker] c.s.r.restapi.RestapiApplicationTests    : No active profile set, falling back to 1 default profile: "default"
2022-12-12 12:35:36.182  INFO 247466 --- [    Test worker] .s.d.r.c.RepositoryConfigurationDelegate : Multiple Spring Data modules found, entering strict repository configuration mode
2022-12-12 12:35:36.183  INFO 247466 --- [    Test worker] .s.d.r.c.RepositoryConfigurationDelegate : Bootstrapping Spring Data JDBC repositories in DEFAULT mode.
2022-12-12 12:35:36.212  INFO 247466 --- [    Test worker] .RepositoryConfigurationExtensionSupport : Spring Data JDBC - Could not safely identify store assignment for repository candidate interface com.spring.restapi.restapi.DAO.CourseDao; If you want this repository to be a JDBC repository, consider annotating your entities with one of these annotations: org.springframework.data.relational.core.mapping.Table.
2022-12-12 12:35:36.213  INFO 247466 --- [    Test worker] .s.d.r.c.RepositoryConfigurationDelegate : Finished Spring Data repository scanning in 24 ms. Found 0 JDBC repository interfaces.
2022-12-12 12:35:36.223  INFO 247466 --- [    Test worker] .s.d.r.c.RepositoryConfigurationDelegate : Multiple Spring Data modules found, entering strict repository configuration mode
2022-12-12 12:35:36.224  INFO 247466 --- [    Test worker] .s.d.r.c.RepositoryConfigurationDelegate : Bootstrapping Spring Data JPA repositories in DEFAULT mode.
2022-12-12 12:35:36.250  INFO 247466 --- [    Test worker] .s.d.r.c.RepositoryConfigurationDelegate : Finished Spring Data repository scanning in 22 ms. Found 1 JPA repository interfaces.
2022-12-12 12:35:36.536  INFO 247466 --- [    Test worker] trationDelegate$BeanPostProcessorChecker : Bean 'org.springframework.ws.config.annotation.DelegatingWsConfiguration' of type [org.springframework.ws.config.annotation.DelegatingWsConfiguration$$EnhancerBySpringCGLIB$$990689bc] is not eligible for getting processed by all BeanPostProcessors (for example: not eligible for auto-proxying)
2022-12-12 12:35:36.573  INFO 247466 --- [    Test worker] .w.s.a.s.AnnotationActionEndpointMapping : Supporting [WS-Addressing August 2004, WS-Addressing 1.0]
2022-12-12 12:35:36.798  INFO 247466 --- [    Test worker] o.hibernate.jpa.internal.util.LogHelper  : HHH000204: Processing PersistenceUnitInfo [name: default]
2022-12-12 12:35:36.831  INFO 247466 --- [    Test worker] org.hibernate.Version                    : HHH000412: Hibernate ORM core version 5.6.14.Final
2022-12-12 12:35:36.944  INFO 247466 --- [    Test worker] o.hibernate.annotations.common.Version   : HCANN000001: Hibernate Commons Annotations {5.1.2.Final}
2022-12-12 12:35:37.004  INFO 247466 --- [    Test worker] com.zaxxer.hikari.HikariDataSource       : HikariPool-1 - Starting...
2022-12-12 12:35:37.225  INFO 247466 --- [    Test worker] com.zaxxer.hikari.HikariDataSource       : HikariPool-1 - Start completed.
2022-12-12 12:35:37.239  INFO 247466 --- [    Test worker] org.hibernate.dialect.Dialect            : HHH000400: Using dialect: org.hibernate.dialect.MySQL8Dialect
Hibernate: alter table courses add column chapter_name varchar(255)
2022-12-12 12:35:37.677  INFO 247466 --- [    Test worker] o.h.e.t.j.p.i.JtaPlatformInitiator       : HHH000490: Using JtaPlatform implementation: [org.hibernate.engine.transaction.jta.platform.internal.NoJtaPlatform]
2022-12-12 12:35:37.683  INFO 247466 --- [    Test worker] j.LocalContainerEntityManagerFactoryBean : Initialized JPA EntityManagerFactory for persistence unit 'default'
2022-12-12 12:35:37.817  WARN 247466 --- [    Test worker] JpaBaseConfiguration$JpaWebConfiguration : spring.jpa.open-in-view is enabled by default. Therefore, database queries may be performed during view rendering. Explicitly configure spring.jpa.open-in-view to disable this warning
2022-12-12 12:35:38.943  INFO 247466 --- [    Test worker] c.s.r.restapi.RestapiApplicationTests    : Started RestapiApplicationTests in 3.35 seconds (JVM running for 4.089)
]]></system-out>
  <system-err><![CDATA[]]></system-err>
</testsuite>
